2025-09-14 13:55:06,152 - INFO - 授权网址: https://openapi.baidu.com/oauth/2.0/authorize?response_type=code&client_id=Rsee2CwndERMxh8Wi32A6kUHrLY1M6wwAAAAAAAAAAA&redirect_uri=oob&scope=basic,netdisk
2025-09-14 13:56:40,369 - INFO - 授权网址: https://openapi.baidu.com/oauth/2.0/authorize?response_type=code&client_id=Rsee2CwndERMxh8Wi32A6kUHrLY1M6ww&redirect_uri=oob&scope=basic,netdisk
2025-09-14 13:56:47,294 - INFO - 授权网址: https://openapi.baidu.com/oauth/2.0/authorize?response_type=code&client_id=Rsee2CwndERMxh8Wi32A6kUHrLY1M6ww&redirect_uri=oob&scope=basic,netdisk
2025-09-14 13:56:49,271 - INFO - 授权网址: https://openapi.baidu.com/oauth/2.0/authorize?response_type=code&client_id=Rsee2CwndERMxh8Wi32A6kUHrLY1M6ww&redirect_uri=oob&scope=basic,netdisk
2025-09-14 13:56:57,429 - INFO - 授权网址: https://openapi.baidu.com/oauth/2.0/authorize?response_type=code&client_id=Rsee2CwndERMxh8Wi32A6kUHrLY1M6ww&redirect_uri=oob&scope=basic,netdisk
2025-09-14 13:57:54,402 - INFO - 授权网址: https://openapi.baidu.com/oauth/2.0/authorize?response_type=code&client_id=Rsee2CwndERMxh8Wi32A6kUHrLY1M6ww&redirect_uri=oob&scope=basic,netdisk
2025-09-14 13:57:58,551 - INFO - 正在获取访问令牌...
2025-09-14 13:57:58,681 - INFO - 授权成功，已获取访问令牌
2025-09-14 13:57:58,684 - INFO - 配置已保存
2025-09-14 13:58:14,298 - INFO - 已选择备份文件夹: I:/badiuceshi
2025-09-14 13:58:44,618 - INFO - 正在创建网盘文件夹: /backup914
2025-09-14 13:58:45,554 - INFO - 创建文件夹失败: 未知错误
2025-09-14 13:58:49,458 - INFO - 正在创建网盘文件夹: /backup914
2025-09-14 13:58:49,724 - INFO - 创建文件夹失败: 未知错误
2025-09-14 13:59:26,368 - INFO - 正在创建网盘文件夹: /backup914
2025-09-14 13:59:26,640 - INFO - 创建文件夹失败: 未知错误
2025-09-14 13:59:27,796 - INFO - 正在创建网盘文件夹: /backup914
2025-09-14 13:59:28,133 - INFO - 创建文件夹失败: 未知错误
2025-09-14 13:59:33,768 - INFO - 正在创建网盘文件夹: /backup914
2025-09-14 13:59:34,063 - INFO - 创建文件夹失败: 未知错误
2025-09-14 13:59:36,308 - INFO - 正在创建网盘文件夹: /backup914
2025-09-14 13:59:36,583 - INFO - 创建文件夹失败: 未知错误
2025-09-14 13:59:50,498 - INFO - 授权网址: https://openapi.baidu.com/oauth/2.0/authorize?response_type=code&client_id=Rsee2CwndERMxh8Wi32A6kUHrLY1M6ww&redirect_uri=oob&scope=basic,netdisk
2025-09-14 14:00:05,525 - INFO - 正在获取访问令牌...
2025-09-14 14:00:05,641 - INFO - 授权成功，已获取访问令牌
2025-09-14 14:00:05,651 - INFO - 配置已保存
2025-09-14 14:00:08,847 - INFO - 正在创建网盘文件夹: /backup914
2025-09-14 14:00:09,303 - INFO - 创建文件夹失败: 未知错误
2025-09-14 14:00:14,664 - INFO - 开始定时备份，每1小时执行一次
2025-09-14 14:00:14,686 - INFO - 正在创建网盘文件夹: /backup914
2025-09-14 14:00:14,963 - INFO - 创建文件夹失败: 未知错误
2025-09-14 14:10:04,044 - INFO - 正在创建网盘文件夹: /文件备份
2025-09-14 14:10:04,319 - INFO - 创建文件夹失败: 未知错误
2025-09-14 14:10:07,315 - INFO - 正在创建网盘文件夹: /文件备份
2025-09-14 14:10:07,581 - INFO - 创建文件夹失败: 未知错误
2025-09-14 14:10:07,738 - INFO - 正在创建网盘文件夹: /文件备份
2025-09-14 14:10:08,010 - INFO - 创建文件夹失败: 未知错误
2025-09-14 14:10:08,468 - INFO - 已停止定时备份
2025-09-14 14:10:09,458 - INFO - 正在创建网盘文件夹: /文件备份
2025-09-14 14:10:09,718 - INFO - 创建文件夹失败: 未知错误
2025-09-14 14:10:15,363 - INFO - 正在创建网盘文件夹: /文件备份
2025-09-14 14:10:15,643 - INFO - 创建文件夹失败: 未知错误
2025-09-14 14:11:07,426 - INFO - 授权网址: https://openapi.baidu.com/oauth/2.0/authorize?response_type=code&client_id=Rsee2CwndERMxh8Wi32A6kUHrLY1M6ww&redirect_uri=oob&scope=basic,netdisk
2025-09-14 14:11:21,562 - INFO - 正在获取访问令牌...
2025-09-14 14:11:21,680 - INFO - 授权成功，已获取访问令牌
2025-09-14 14:11:21,686 - INFO - 配置已保存
2025-09-14 14:11:24,812 - INFO - 正在创建网盘文件夹: /文件备份
2025-09-14 14:11:25,151 - INFO - 创建文件夹失败: 未知错误
2025-09-14 14:13:32,179 - INFO - 正在创建网盘文件夹: /文件备份1
2025-09-14 14:13:32,418 - INFO - 创建文件夹失败: 未知错误
2025-09-14 14:13:48,147 - INFO - 正在创建网盘文件夹: /文件备份1
2025-09-14 14:13:48,460 - INFO - 创建文件夹失败: 未知错误
2025-09-14 14:13:49,733 - INFO - 正在创建网盘文件夹: /文件备份1
2025-09-14 14:13:50,066 - INFO - 创建文件夹失败: 未知错误
2025-09-14 14:16:00,742 - INFO - 配置已加载
2025-09-14 14:16:00,856 - INFO - 正在刷新访问令牌...
2025-09-14 14:16:01,067 - INFO - 刷新令牌响应: 状态码=200, 内容={"expires_in":2592000,"refresh_token":"122.38a0b05931cdbfa096838e8b283f7e71.YH6YwJ7BahNvIaffqiW0znfqTlLxXcga29A7XhQ.Z36oyg","access_token":"121.f9c49ebb3230c1adeb781fb57afa3cae.Ysge-p0RbqpPY6KUyaO_SUzBQO8e4dtR8raBKgT.3zIyzQ","session_secret":"","session_key":"","scope":"basic netdisk"}

2025-09-14 14:16:01,080 - INFO - 配置已保存
2025-09-14 14:16:02,588 - INFO - 访问令牌已刷新
2025-09-14 14:17:58,451 - INFO - 路径格式错误: 路径必须以'/'开头，当前路径: 文件备份
2025-09-14 14:17:58,471 - INFO - 自动修正路径格式...
2025-09-14 14:17:58,488 - INFO - 修正后的路径: /文件备份
2025-09-14 14:17:58,507 - INFO - 正在创建网盘文件夹: /文件备份
2025-09-14 14:17:58,528 - INFO - 发送创建文件夹请求: {'access_token': '121.f9c49e...', 'path': '/文件备份', 'isdir': 1}
2025-09-14 14:17:58,902 - INFO - API响应状态码: 403
2025-09-14 14:17:58,916 - INFO - API响应内容: {"error_code":31064,"error_msg":"file is not authorized","request_id":186574414757214898}
2025-09-14 14:17:58,929 - INFO - 创建文件夹失败: 错误码=-3, 错误信息=未知错误
2025-09-14 14:17:58,941 - INFO - 错误解释: 未知错误
2025-09-14 14:18:24,076 - INFO - 正在创建网盘文件夹: //文件备份
2025-09-14 14:18:24,083 - INFO - 发送创建文件夹请求: {'access_token': '121.f9c49e...', 'path': '//文件备份', 'isdir': 1}
2025-09-14 14:18:24,366 - INFO - API响应状态码: 403
2025-09-14 14:18:24,373 - INFO - API响应内容: {"error_code":31064,"error_msg":"file is not authorized","request_id":186581275698799411}
2025-09-14 14:18:24,381 - INFO - 创建文件夹失败: 错误码=-3, 错误信息=未知错误
2025-09-14 14:18:24,388 - INFO - 错误解释: 未知错误
2025-09-14 14:18:27,692 - INFO - 正在创建网盘文件夹: //文件备份
2025-09-14 14:18:27,698 - INFO - 发送创建文件夹请求: {'access_token': '121.f9c49e...', 'path': '//文件备份', 'isdir': 1}
2025-09-14 14:18:27,896 - INFO - API响应状态码: 403
2025-09-14 14:18:27,904 - INFO - API响应内容: {"error_code":31064,"error_msg":"file is not authorized","request_id":186582243234056672}
2025-09-14 14:18:27,911 - INFO - 创建文件夹失败: 错误码=-3, 错误信息=未知错误
2025-09-14 14:18:27,920 - INFO - 错误解释: 未知错误
2025-09-14 14:18:32,777 - INFO - 配置已加载
2025-09-14 14:18:32,904 - INFO - 正在刷新访问令牌...
2025-09-14 14:18:33,157 - INFO - 刷新令牌响应: 状态码=200, 内容={"expires_in":2592000,"refresh_token":"122.e68c6f9d4cc6480e3a7fede241e33ac1.YCmfd58DrPUOF49xngo74TYMx9RbEKaz6xu-R1T.zj5syA","access_token":"121.02a34bc57c4f74f7415f214c3e53fd7f.Y7VFUvX7s0bPJd-fX_umJjSW7stFyqmysK_UTox.KqWarQ","session_secret":"","session_key":"","scope":"basic netdisk"}

2025-09-14 14:18:33,169 - INFO - 配置已保存
2025-09-14 14:18:34,967 - INFO - 访问令牌已刷新
2025-09-14 14:18:41,820 - INFO - 路径格式错误: 路径必须以'/'开头，当前路径: 件备份
2025-09-14 14:18:41,826 - INFO - 自动修正路径格式...
2025-09-14 14:18:41,836 - INFO - 修正后的路径: /件备份
2025-09-14 14:18:41,848 - INFO - 正在创建网盘文件夹: /件备份
2025-09-14 14:18:41,863 - INFO - 发送创建文件夹请求: {'access_token': '121.02a34b...', 'path': '/件备份', 'isdir': 1}
2025-09-14 14:18:42,379 - INFO - API响应状态码: 403
2025-09-14 14:18:42,389 - INFO - API响应内容: {"error_code":31064,"error_msg":"file is not authorized","request_id":186586051651043457}
2025-09-14 14:18:42,393 - INFO - 创建文件夹失败: 错误码=-3, 错误信息=未知错误
2025-09-14 14:18:42,401 - INFO - 错误解释: 未知错误
2025-09-14 15:32:50,548 - INFO - 配置已加载
2025-09-14 15:32:50,656 - INFO - 正在刷新访问令牌...
2025-09-14 15:32:50,901 - INFO - 刷新令牌响应: 状态码=200, 内容={"expires_in":2592000,"refresh_token":"122.332e2bd423e5bc7a9c2c1db64a6fc287.Y70xyxt2WVZN6q86HQ60lqWdObXQUwqvWhbKCWe.NcNmuQ","access_token":"121.9584f8d9d707fbac2b154f3ee751fc5d.Y_feYoB8mbcU5OmO5Oye1x8dFxtIwQNq2fKSruT.AcoNiA","session_secret":"","session_key":"","scope":"basic netdisk"}

2025-09-14 15:32:50,914 - INFO - 配置已保存
2025-09-14 15:32:52,750 - INFO - 访问令牌已刷新
2025-09-14 15:33:24,800 - INFO - 路径格式错误: 路径必须以'/'开头，当前路径: 备份
2025-09-14 15:33:24,817 - INFO - 自动修正路径格式...
2025-09-14 15:33:24,835 - INFO - 修正后的路径: /备份
2025-09-14 15:33:24,853 - INFO - 正在创建网盘文件夹: /备份
2025-09-14 15:33:24,878 - INFO - 发送创建文件夹请求: {'access_token': '121.9584f8...', 'path': '/备份', 'isdir': 1}
2025-09-14 15:33:25,602 - INFO - API响应状态码: 403
2025-09-14 15:33:25,620 - INFO - API响应内容: {"error_code":31064,"error_msg":"file is not authorized","request_id":187789451717425280}
2025-09-14 15:33:25,631 - INFO - 创建文件夹失败: 错误码=-3, 错误信息=未知错误
2025-09-14 15:33:25,644 - INFO - 错误解释: 未知错误
2025-09-14 15:37:21,873 - INFO - 配置已加载
2025-09-14 15:37:21,992 - INFO - 正在刷新访问令牌...
2025-09-14 15:37:22,241 - INFO - 刷新令牌响应: 状态码=200, 内容={"expires_in":2592000,"refresh_token":"122.4d580769422803164d2c738ac72af87d.Y5K64A17hAQV6W_R5VGrffdidiNL2wlHR_Nh4qn.NH2z-A","access_token":"121.91ec74126e804d1aad2a6e05024ede69.YsFXWfK688t7C0MWTk22oBKtsXHiUijv3b9guYL.fPz6wA","session_secret":"","session_key":"","scope":"basic netdisk"}

2025-09-14 15:37:22,265 - INFO - 配置已保存
2025-09-14 15:37:23,819 - INFO - 访问令牌已刷新
2025-09-14 15:37:31,329 - INFO - 路径格式错误: 路径必须以'/'开头，当前路径: 份
2025-09-14 15:37:31,335 - INFO - 自动修正路径格式...
2025-09-14 15:37:31,343 - INFO - 修正后的路径: /份
2025-09-14 15:37:31,352 - INFO - 正在创建网盘文件夹: /份
2025-09-14 15:37:31,373 - INFO - 发送创建文件夹请求: {'access_token': '121.91ec74...', 'path': '/份', 'isdir': 1}
2025-09-14 15:37:31,812 - INFO - API响应状态码: 403
2025-09-14 15:37:31,821 - INFO - API响应内容: {"error_code":31064,"error_msg":"file is not authorized","request_id":187855622111941643}
2025-09-14 15:37:31,827 - INFO - 创建文件夹失败: 错误码=31064, 错误信息=file is not authorized
2025-09-14 15:37:31,833 - INFO - 错误解释: 应用未获得文件操作权限，请在开放平台配置权限并重新授权
2025-09-14 15:37:31,839 - INFO - 解决方案: 1. 登录百度网盘开放平台(https://pan.baidu.com/union)
2025-09-14 15:37:31,845 - INFO -            2. 进入应用管理，为你的应用添加netdisk相关权限
2025-09-14 15:37:31,850 - INFO -            3. 重新点击本程序的'获取授权'按钮完成授权
2025-09-14 15:37:40,874 - INFO - 正在创建网盘文件夹: /份
2025-09-14 15:37:40,883 - INFO - 发送创建文件夹请求: {'access_token': '121.91ec74...', 'path': '/份', 'isdir': 1}
2025-09-14 15:37:41,112 - INFO - API响应状态码: 403
2025-09-14 15:37:41,125 - INFO - API响应内容: {"error_code":31064,"error_msg":"file is not authorized","request_id":187858167156292482}
2025-09-14 15:37:41,136 - INFO - 创建文件夹失败: 错误码=31064, 错误信息=file is not authorized
2025-09-14 15:37:41,149 - INFO - 错误解释: 应用未获得文件操作权限，请在开放平台配置权限并重新授权
2025-09-14 15:37:41,162 - INFO - 解决方案: 1. 登录百度网盘开放平台(https://pan.baidu.com/union)
2025-09-14 15:37:41,175 - INFO -            2. 进入应用管理，为你的应用添加netdisk相关权限
2025-09-14 15:37:41,185 - INFO -            3. 重新点击本程序的'获取授权'按钮完成授权
2025-09-14 15:38:24,262 - INFO - 配置已加载
2025-09-14 15:38:24,372 - INFO - 正在刷新访问令牌...
2025-09-14 15:38:24,570 - INFO - 刷新令牌响应: 状态码=200, 内容={"expires_in":2592000,"refresh_token":"122.b5f0089f5107f81d74a2fdbd31d7c211.YgXGFqvBAxVfd68aFi72mUc6ceVAZAijja4HIOO.SIvS9Q","access_token":"121.76a6dbc1a1e32199d6edeb45bb7c1165.YmcbuKo7ra0D76WTRRGbAX3n1dCSbBSU6ZYmc1-.XKq-Lw","session_secret":"","session_key":"","scope":"basic netdisk"}

2025-09-14 15:38:24,582 - INFO - 配置已保存
2025-09-14 15:38:27,001 - INFO - 访问令牌已刷新
2025-09-14 15:38:33,864 - INFO - 请输入网盘文件夹路径
2025-09-14 15:38:36,349 - INFO - 请输入网盘文件夹路径
2025-09-14 15:38:42,450 - INFO - 路径格式错误: 路径必须以'/'开头，当前路径: 914
2025-09-14 15:38:42,459 - INFO - 自动修正路径格式...
2025-09-14 15:38:42,470 - INFO - 修正后的路径: /914
2025-09-14 15:38:42,485 - INFO - 正在创建网盘文件夹: /914
2025-09-14 15:38:42,492 - INFO - 发送创建文件夹请求: {'access_token': '121.76a6db...', 'path': '/914', 'isdir': 1}
2025-09-14 15:38:42,846 - INFO - API响应状态码: 403
2025-09-14 15:38:42,852 - INFO - API响应内容: {"error_code":31064,"error_msg":"file is not authorized","request_id":187874706112689979}
2025-09-14 15:38:42,857 - INFO - 创建文件夹失败: 错误码=31064, 错误信息=file is not authorized
2025-09-14 15:38:42,863 - INFO - 错误解释: 应用未获得文件操作权限，请在开放平台配置权限并重新授权
2025-09-14 15:38:42,870 - INFO - 解决方案: 1. 登录百度网盘开放平台(https://pan.baidu.com/union)
2025-09-14 15:38:42,873 - INFO -            2. 进入应用管理，为你的应用添加netdisk相关权限
2025-09-14 15:38:42,878 - INFO -            3. 重新点击本程序的'获取授权'按钮完成授权
2025-09-14 17:08:28,335 - INFO - 配置已加载
2025-09-14 17:08:28,437 - INFO - 正在刷新访问令牌...
2025-09-14 17:08:28,597 - INFO - 刷新令牌响应: 状态码=400, 内容={"error":"invalid_request","error_description":"invalid refresh token, sign is not matched "}

2025-09-14 17:08:28,606 - INFO - 刷新令牌失败: invalid refresh token, sign is not matched 
2025-09-14 17:11:43,397 - INFO - 配置已加载
2025-09-14 17:11:43,502 - INFO - 正在刷新访问令牌...
2025-09-14 17:11:43,613 - INFO - 刷新令牌响应: 状态码=400, 内容={"error":"invalid_request","error_description":"invalid refresh token, sign is not matched "}

2025-09-14 17:11:43,625 - INFO - 刷新令牌失败: invalid refresh token, sign is not matched 
2025-09-14 17:12:15,922 - INFO - 配置已加载
2025-09-14 17:12:16,030 - INFO - 正在刷新访问令牌...
2025-09-14 17:12:16,135 - INFO - 刷新令牌响应: 状态码=400, 内容={"error":"invalid_request","error_description":"invalid refresh token, sign is not matched "}

2025-09-14 17:12:16,142 - INFO - 刷新令牌失败: invalid refresh token, sign is not matched 
2025-09-14 17:14:58,533 - INFO - 配置已加载
2025-09-14 17:14:58,645 - INFO - 正在刷新访问令牌...
2025-09-14 17:14:58,759 - INFO - 刷新令牌响应: 状态码=400, 内容={"error":"Trigger security policy","error_description":"Please try again later"}

2025-09-14 17:14:58,769 - INFO - 刷新令牌失败: Please try again later
2025-09-14 17:15:05,048 - INFO - 授权网址: https://openapi.baidu.com/oauth/2.0/authorize?response_type=code&client_id=rmckbwOSAnMOeRmjYfdJM1OJHIwH9Gar&redirect_uri=oob&scope=basic,netdisk,netdisk.read,netdisk.write,netdisk.file
2025-09-14 17:15:39,169 - INFO - 配置已加载
2025-09-14 17:15:39,286 - INFO - 正在刷新访问令牌...
2025-09-14 17:15:39,393 - INFO - 刷新令牌响应: 状态码=400, 内容={"error":"Trigger security policy","error_description":"Please try again later"}

2025-09-14 17:15:39,399 - INFO - 刷新令牌失败: Please try again later
2025-09-14 17:15:43,486 - INFO - 授权网址: https://openapi.baidu.com/oauth/2.0/authorize?response_type=code&client_id=rmckbwOSAnMOeRmjYfdJM1OJHIwH9Gar&redirect_uri=oob&scope=basic,netdisk,netdisk.read,netdisk.write,netdisk.file
2025-09-14 17:16:50,567 - INFO - 授权网址: https://openapi.baidu.com/oauth/2.0/authorize?response_type=code&client_id=rmckbwOSAnMOeRmjYfdJM1OJHIwH9Gar&redirect_uri=oob&scope=basic,netdisk,netdisk.read,netdisk.write,netdisk.file
2025-09-14 17:19:26,140 - INFO - 配置已加载
2025-09-14 17:19:26,272 - INFO - 正在刷新访问令牌...
2025-09-14 17:19:26,390 - INFO - 刷新令牌响应: 状态码=400, 内容={"error":"Trigger security policy","error_description":"Please try again later"}

2025-09-14 17:19:26,401 - INFO - 刷新令牌失败: Please try again later
2025-09-14 17:19:41,178 - INFO - 授权网址: https://openapi.baidu.com/oauth/2.0/authorize?response_type=code&client_id=rmckbwOSAnMOeRmjYfdJM1OJHIwH9Gar&redirect_uri=oob&scope=basic,netdisk,netdisk.read,netdisk.write,netdisk.file
2025-09-15 15:27:18,903 - INFO - 配置已加载
2025-09-15 15:27:19,050 - INFO - 正在刷新访问令牌...
2025-09-15 15:27:19,311 - INFO - 刷新令牌响应: 状态码=400, 内容={"error":"invalid_request","error_description":"invalid refresh token, sign is not matched "}

2025-09-15 15:27:19,318 - INFO - 刷新令牌失败: invalid refresh token, sign is not matched 
2025-09-15 15:27:25,602 - INFO - 授权网址: https://openapi.baidu.com/oauth/2.0/authorize?response_type=code&client_id=9Ed03IJAgtoRMwljjSVUsFOpP6t3cEBe&redirect_uri=oob&scope=basic,netdisk,netdisk.read,netdisk.write,netdisk.file
